{
  errno: -5,
  code: 'EIO',
  syscall: 'write',
  level: 'error',
  message: 'write EIO write EIO',
  stack: 'Error: write EIO\n' +
    '    at afterWriteDispatched (node:internal/stream_base_commons:160:15)\n' +
    '    at writeGeneric (node:internal/stream_base_commons:151:3)\n' +
    '    at WriteStream.Socket._writeGeneric (node:net:773:11)\n' +
    '    at WriteStream.Socket._write (node:net:785:8)\n' +
    '    at writeOrBuffer (node:internal/streams/writable:395:12)\n' +
    '    at WriteStream.Writable.write (node:internal/streams/writable:340:10)\n' +
    '    at Console.log (/home/kold/Documents/healo/node_modules/winston/lib/winston/transports/console.js:79:23)\n' +
    '    at Console._write (/home/kold/Documents/healo/node_modules/winston-transport/index.js:82:19)\n' +
    '    at doWrite (/home/kold/Documents/healo/node_modules/readable-stream/lib/_stream_writable.js:409:139)\n' +
    '    at writeOrBuffer (/home/kold/Documents/healo/node_modules/readable-stream/lib/_stream_writable.js:398:5)'
}
  level:
{ 'error',
  message: 'validator is not a function validator is not a function',
  stack: 'TypeError: validator is not a function\n' +
    '    at validate (/home/kold/Documents/healo/middleware/validate.js:6:25)\n' +
    '    at Layer.handle [as handle_request] (/home/kold/Documents/healo/node_modules/express/lib/router/layer.js:95:5)\n' +
    '    at next (/home/kold/Documents/healo/node_modules/express/lib/router/route.js:137:13)\n' +
    '    at Route.dispatch (/home/kold/Documents/healo/node_modules/express/lib/router/route.js:112:3)\n' +
    '    at Layer.handle [as handle_request] (/home/kold/Documents/healo/node_modules/express/lib/router/layer.js:95:5)\n' +
    '    at /home/kold/Documents/healo/node_modules/express/lib/router/index.js:281:22\n' +
    '    at Function.process_params (/home/kold/Documents/healo/node_modules/express/lib/router/index.js:341:12)\n' +
    '    at next (/home/kold/Documents/healo/node_modules/express/lib/router/index.js:275:10)\n' +
    '    at Function.handle (/home/kold/Documents/healo/node_modules/express/lib/router/index.js:174:3)\n' +
    '    at router (/home/kold/Documents/healo/node_modules/express/lib/router/index.js:47:12)'
}
{
  level: 'error',
  message: 'validator is not a function validator is not a function',
  stack: 'TypeError: validator is not a function\n' +
    '    at validate (/home/kold/Documents/healo/middleware/validate.js:6:25)\n' +
    '    at Layer.handle [as handle_request] (/home/kold/Documents/healo/node_modules/express/lib/router/layer.js:95:5)\n' +
    '    at next (/home/kold/Documents/healo/node_modules/express/lib/router/route.js:137:13)\n' +
    '    at Route.dispatch (/home/kold/Documents/healo/node_modules/express/lib/router/route.js:112:3)\n' +
    '    at Layer.handle [as handle_request] (/home/kold/Documents/healo/node_modules/express/lib/router/layer.js:95:5)\n' +
    '    at /home/kold/Documents/healo/node_modules/express/lib/router/index.js:281:22\n' +
    '    at Function.process_params (/home/kold/Documents/healo/node_modules/express/lib/router/index.js:341:12)\n' +
    '    at next (/home/kold/Documents/healo/node_modules/express/lib/router/index.js:275:10)\n' +
    '    at Function.handle (/home/kold/Documents/healo/node_modules/express/lib/router/index.js:174:3)\n' +
    '    at router (/home/kold/Documents/healo/node_modules/express/lib/router/index.js:47:12)'
}
{
  level: 'error',
  message: 'lt() must be used after where() when called with these arguments lt() must be used after where() when called with these arguments',
  stack: 'Error: lt() must be used after where() when called with these arguments\n' +
    '    at model.Query.Query._ensurePath (/home/kold/Documents/healo/node_modules/mquery/lib/mquery.js:3129:11)\n' +
    '    at model.Query.Query.<computed> [as lt] (/home/kold/Documents/healo/node_modules/mquery/lib/mquery.js:560:12)\n' +
    '    at /home/kold/Documents/healo/routes/blog.js:53:32\n' +
    '    at Layer.handle [as handle_request] (/home/kold/Documents/healo/node_modules/express/lib/router/layer.js:95:5)\n' +
    '    at next (/home/kold/Documents/healo/node_modules/express/lib/router/route.js:137:13)\n' +
    '    at Route.dispatch (/home/kold/Documents/healo/node_modules/express/lib/router/route.js:112:3)\n' +
    '    at Layer.handle [as handle_request] (/home/kold/Documents/healo/node_modules/express/lib/router/layer.js:95:5)\n' +
    '    at /home/kold/Documents/healo/node_modules/express/lib/router/index.js:281:22\n' +
    '    at Function.process_params (/home/kold/Documents/healo/node_modules/express/lib/router/index.js:341:12)\n' +
    '    at next (/home/kold/Documents/healo/node_modules/express/lib/router/index.js:275:10)'
}
{
  level: 'error',
  message: 'lte() must be used after where() when called with these arguments lte() must be used after where() when called with these arguments',
  stack: 'Error: lte() must be used after where() when called with these arguments\n' +
    '    at model.Query.Query._ensurePath (/home/kold/Documents/healo/node_modules/mquery/lib/mquery.js:3129:11)\n' +
    '    at model.Query.Query.<computed> [as lte] (/home/kold/Documents/healo/node_modules/mquery/lib/mquery.js:560:12)\n' +
    '    at /home/kold/Documents/healo/routes/blog.js:53:32\n' +
    '    at Layer.handle [as handle_request] (/home/kold/Documents/healo/node_modules/express/lib/router/layer.js:95:5)\n' +
    '    at next (/home/kold/Documents/healo/node_modules/express/lib/router/route.js:137:13)\n' +
    '    at Route.dispatch (/home/kold/Documents/healo/node_modules/express/lib/router/route.js:112:3)\n' +
    '    at Layer.handle [as handle_request] (/home/kold/Documents/healo/node_modules/express/lib/router/layer.js:95:5)\n' +
    '    at /home/kold/Documents/healo/node_modules/express/lib/router/index.js:281:22\n' +
    '    at Function.process_params (/home/kold/Documents/healo/node_modules/express/lib/router/index.js:341:12)\n' +
    '    at next (/home/kold/Documents/healo/node_modules/express/lib/router/index.js:275:10)'
}
{
  level: 'error',
  message: 'duration is not defined duration is not defined',
  stack: 'ReferenceError: duration is not defined\n' +
    '    at /home/kold/Documents/healo/routes/blog.js:53:38\n' +
    '    at Layer.handle [as handle_request] (/home/kold/Documents/healo/node_modules/express/lib/router/layer.js:95:5)\n' +
    '    at next (/home/kold/Documents/healo/node_modules/express/lib/router/route.js:137:13)\n' +
    '    at Route.dispatch (/home/kold/Documents/healo/node_modules/express/lib/router/route.js:112:3)\n' +
    '    at Layer.handle [as handle_request] (/home/kold/Documents/healo/node_modules/express/lib/router/layer.js:95:5)\n' +
    '    at /home/kold/Documents/healo/node_modules/express/lib/router/index.js:281:22\n' +
    '    at Function.process_params (/home/kold/Documents/healo/node_modules/express/lib/router/index.js:341:12)\n' +
    '    at next (/home/kold/Documents/healo/node_modules/express/lib/router/index.js:275:10)\n' +
    '    at Function.handle (/home/kold/Documents/healo/node_modules/express/lib/router/index.js:174:3)\n' +
    '    at router (/home/kold/Documents/healo/node_modules/express/lib/router/index.js:47:12)'
}
{
  level: 'error',
  message: 'duration is not defined duration is not defined',
  stack: 'ReferenceError: duration is not defined\n' +
    '    at /home/kold/Documents/healo/routes/blog.js:53:39\n' +
    '    at Layer.handle [as handle_request] (/home/kold/Documents/healo/node_modules/express/lib/router/layer.js:95:5)\n' +
    '    at next (/home/kold/Documents/healo/node_modules/express/lib/router/route.js:137:13)\n' +
    '    at Route.dispatch (/home/kold/Documents/healo/node_modules/express/lib/router/route.js:112:3)\n' +
    '    at Layer.handle [as handle_request] (/home/kold/Documents/healo/node_modules/express/lib/router/layer.js:95:5)\n' +
    '    at /home/kold/Documents/healo/node_modules/express/lib/router/index.js:281:22\n' +
    '    at Function.process_params (/home/kold/Documents/healo/node_modules/express/lib/router/index.js:341:12)\n' +
    '    at next (/home/kold/Documents/healo/node_modules/express/lib/router/index.js:275:10)\n' +
    '    at Function.handle (/home/kold/Documents/healo/node_modules/express/lib/router/index.js:174:3)\n' +
    '    at router (/home/kold/Documents/healo/node_modules/express/lib/router/index.js:47:12)'
}
{
  level: 'error',
  message: 'lt() must be used after where() when called with these arguments lt() must be used after where() when called with these arguments',
  stack: 'Error: lt() must be used after where() when called with these arguments\n' +
    '    at model.Query.Query._ensurePath (/home/kold/Documents/healo/node_modules/mquery/lib/mquery.js:3129:11)\n' +
    '    at model.Query.Query.<computed> [as lt] (/home/kold/Documents/healo/node_modules/mquery/lib/mquery.js:560:12)\n' +
    '    at /home/kold/Documents/healo/routes/blog.js:53:52\n' +
    '    at Layer.handle [as handle_request] (/home/kold/Documents/healo/node_modules/express/lib/router/layer.js:95:5)\n' +
    '    at next (/home/kold/Documents/healo/node_modules/express/lib/router/route.js:137:13)\n' +
    '    at Route.dispatch (/home/kold/Documents/healo/node_modules/express/lib/router/route.js:112:3)\n' +
    '    at Layer.handle [as handle_request] (/home/kold/Documents/healo/node_modules/express/lib/router/layer.js:95:5)\n' +
    '    at /home/kold/Documents/healo/node_modules/express/lib/router/index.js:281:22\n' +
    '    at Function.process_params (/home/kold/Documents/healo/node_modules/express/lib/router/index.js:341:12)\n' +
    '    at next (/home/kold/Documents/healo/node_modules/express/lib/router/index.js:275:10)'
}
{
  level: 'error',
  message: 'lt() must be used after where() when called with these arguments lt() must be used after where() when called with these arguments',
  stack: 'Error: lt() must be used after where() when called with these arguments\n' +
    '    at model.Query.Query._ensurePath (/home/kold/Documents/healo/node_modules/mquery/lib/mquery.js:3129:11)\n' +
    '    at model.Query.Query.<computed> [as lt] (/home/kold/Documents/healo/node_modules/mquery/lib/mquery.js:560:12)\n' +
    '    at /home/kold/Documents/healo/routes/blog.js:53:52\n' +
    '    at Layer.handle [as handle_request] (/home/kold/Documents/healo/node_modules/express/lib/router/layer.js:95:5)\n' +
    '    at next (/home/kold/Documents/healo/node_modules/express/lib/router/route.js:137:13)\n' +
    '    at Route.dispatch (/home/kold/Documents/healo/node_modules/express/lib/router/route.js:112:3)\n' +
    '    at Layer.handle [as handle_request] (/home/kold/Documents/healo/node_modules/express/lib/router/layer.js:95:5)\n' +
    '    at /home/kold/Documents/healo/node_modules/express/lib/router/index.js:281:22\n' +
    '    at Function.process_params (/home/kold/Documents/healo/node_modules/express/lib/router/index.js:341:12)\n' +
    '    at next (/home/kold/Documents/healo/node_modules/express/lib/router/index.js:275:10)'
}
{
  level: 'error',
  message: 'Suggestion is not a constructor Suggestion is not a constructor',
  stack: 'TypeError: Suggestion is not a constructor\n' +
    '    at /home/kold/Documents/healo/routes/suggestion.js:13:22\n' +
    '    at processTicksAndRejections (node:internal/process/task_queues:94:5)'
}
{
  level: 'error',
  message: 'Suggestion is not a constructor Suggestion is not a constructor',
  stack: 'TypeError: Suggestion is not a constructor\n' +
    '    at /home/kold/Documents/healo/routes/suggestion.js:13:22\n' +
    '    at processTicksAndRejections (node:internal/process/task_queues:94:5)'
}
{
  messageFormat: undefined,
  stringValue: '"61e97973419a9a557e63ee624"',
  kind: 'ObjectId',
  value: '61e97973419a9a557e63ee624',
  path: '_id',
  reason: BSONTypeError: Argument passed in must be a string of 12 bytes or a string of 24 hex characters
      at new BSONTypeError (/home/kold/Documents/healo/node_modules/bson/lib/error.js:41:28)
      at new ObjectId (/home/kold/Documents/healo/node_modules/bson/lib/objectid.js:65:23)
      at castObjectId (/home/kold/Documents/healo/node_modules/mongoose/lib/cast/objectid.js:25:12)
      at ObjectId.cast (/home/kold/Documents/healo/node_modules/mongoose/lib/schema/objectid.js:247:12)
      at ObjectId.SchemaType.applySetters (/home/kold/Documents/healo/node_modules/mongoose/lib/schematype.js:1135:12)
      at ObjectId.SchemaType._castForQuery (/home/kold/Documents/healo/node_modules/mongoose/lib/schematype.js:1567:15)
      at ObjectId.SchemaType.castForQuery (/home/kold/Documents/healo/node_modules/mongoose/lib/schematype.js:1557:15)
      at ObjectId.SchemaType.castForQueryWrapper (/home/kold/Documents/healo/node_modules/mongoose/lib/schematype.js:1534:20)
      at cast (/home/kold/Documents/healo/node_modules/mongoose/lib/cast.js:336:32)
      at model.Query.Query.cast (/home/kold/Documents/healo/node_modules/mongoose/lib/query.js:5062:12),
  valueType: 'string',
  level: 'error',
  message: 'Cast to ObjectId failed for value "61e97973419a9a557e63ee624" (type string) at path "_id" for model "Blog" Cast to ObjectId failed for value "61e97973419a9a557e63ee624" (type string) at path "_id" for model "Blog"',
  stack: 'CastError: Cast to ObjectId failed for value "61e97973419a9a557e63ee624" (type string) at path "_id" for model "Blog"\n' +
    '    at model.Query.exec (/home/kold/Documents/healo/node_modules/mongoose/lib/query.js:4639:21)\n' +
    '    at model.Query.Query.then (/home/kold/Documents/healo/node_modules/mongoose/lib/query.js:4738:15)\n' +
    '    at processTicksAndRejections (node:internal/process/task_queues:94:5)'
}
{
  errors: {
    'suggestion.blogPost': ValidatorError: Path `blogPost` is required.
        at validate (/home/kold/Documents/healo/node_modules/mongoose/lib/schematype.js:1277:13)
        at /home/kold/Documents/healo/node_modules/mongoose/lib/schematype.js:1260:7
        at Array.forEach (<anonymous>)
        at SchemaString.SchemaType.doValidate (/home/kold/Documents/healo/node_modules/mongoose/lib/schematype.js:1210:14)
        at /home/kold/Documents/healo/node_modules/mongoose/lib/document.js:2723:18
        at processTicksAndRejections (node:internal/process/task_queues:76:11) {
      properties: {
        validator: [Function (anonymous)],
        message: 'Path `blogPost` is required.',
        type: 'required',
        path: 'blogPost',
        value: undefined
      },
      kind: 'required',
      path: 'blogPost',
      value: undefined,
      reason: undefined,
      [Symbol(mongoose:validatorError)]: true
    }
  },
  _message: 'Suggestion validation failed',
  level: 'error',
  message: 'Suggestion validation failed: suggestion.blogPost: Path `blogPost` is required. Suggestion validation failed: suggestion.blogPost: Path `blogPost` is required.',
  stack: 'ValidationError: Suggestion validation failed: suggestion.blogPost: Path `blogPost` is required.\n' +
    '    at model.Document.invalidate (/home/kold/Documents/healo/node_modules/mongoose/lib/document.js:2940:32)\n' +
    '    at SingleNested.Subdocument.invalidate (/home/kold/Documents/healo/node_modules/mongoose/lib/types/subdocument.js:213:12)\n' +
    '    at /home/kold/Documents/healo/node_modules/mongoose/lib/document.js:2731:17\n' +
    '    at /home/kold/Documents/healo/node_modules/mongoose/lib/schematype.js:1280:9\n' +
    '    at processTicksAndRejections (node:internal/process/task_queues:76:11)'
}
{
  level: 'error',
  message: "Cannot access 'suggestion' before initialization Cannot access 'suggestion' before initialization",
  stack: "ReferenceError: Cannot access 'suggestion' before initialization\n" +
    '    at /home/kold/Documents/healo/routes/suggestion.js:31:18\n' +
    '    at Layer.handle [as handle_request] (/home/kold/Documents/healo/node_modules/express/lib/router/layer.js:95:5)\n' +
    '    at next (/home/kold/Documents/healo/node_modules/express/lib/router/route.js:137:13)\n' +
    '    at module.exports (/home/kold/Documents/healo/middleware/objectId.js:7:5)\n' +
    '    at Layer.handle [as handle_request] (/home/kold/Documents/healo/node_modules/express/lib/router/layer.js:95:5)\n' +
    '    at next (/home/kold/Documents/healo/node_modules/express/lib/router/route.js:137:13)\n' +
    '    at Route.dispatch (/home/kold/Documents/healo/node_modules/express/lib/router/route.js:112:3)\n' +
    '    at Layer.handle [as handle_request] (/home/kold/Documents/healo/node_modules/express/lib/router/layer.js:95:5)\n' +
    '    at /home/kold/Documents/healo/node_modules/express/lib/router/index.js:281:22\n' +
    '    at param (/home/kold/Documents/healo/node_modules/express/lib/router/index.js:360:14)'
}
{
  level: 'error',
  message: 'suggestion is not defined suggestion is not defined',
  stack: 'ReferenceError: suggestion is not defined\n' +
    '    at /home/kold/Documents/healo/routes/suggestion.js:31:18\n' +
    '    at Layer.handle [as handle_request] (/home/kold/Documents/healo/node_modules/express/lib/router/layer.js:95:5)\n' +
    '    at next (/home/kold/Documents/healo/node_modules/express/lib/router/route.js:137:13)\n' +
    '    at module.exports (/home/kold/Documents/healo/middleware/objectId.js:7:5)\n' +
    '    at Layer.handle [as handle_request] (/home/kold/Documents/healo/node_modules/express/lib/router/layer.js:95:5)\n' +
    '    at next (/home/kold/Documents/healo/node_modules/express/lib/router/route.js:137:13)\n' +
    '    at Route.dispatch (/home/kold/Documents/healo/node_modules/express/lib/router/route.js:112:3)\n' +
    '    at Layer.handle [as handle_request] (/home/kold/Documents/healo/node_modules/express/lib/router/layer.js:95:5)\n' +
    '    at /home/kold/Documents/healo/node_modules/express/lib/router/index.js:281:22\n' +
    '    at param (/home/kold/Documents/healo/node_modules/express/lib/router/index.js:360:14)'
}
{
  level: 'error',
  message: 'Converting circular structure to JSON\n' +
    "    --> starting at object with constructor 'Topology'\n" +
    "    |     property 's' -> object with constructor 'Object'\n" +
    "    |     property 'sessionPool' -> object with constructor 'ServerSessionPool'\n" +
    "    --- property 'topology' closes the circle Converting circular structure to JSON\n" +
    "    --> starting at object with constructor 'Topology'\n" +
    "    |     property 's' -> object with constructor 'Object'\n" +
    "    |     property 'sessionPool' -> object with constructor 'ServerSessionPool'\n" +
    "    --- property 'topology' closes the circle",
  stack: 'TypeError: Converting circular structure to JSON\n' +
    "    --> starting at object with constructor 'Topology'\n" +
    "    |     property 's' -> object with constructor 'Object'\n" +
    "    |     property 'sessionPool' -> object with constructor 'ServerSessionPool'\n" +
    "    --- property 'topology' closes the circle\n" +
    '    at JSON.stringify (<anonymous>)\n' +
    '    at stringify (/home/kold/Documents/healo/node_modules/express/lib/response.js:1128:12)\n' +
    '    at ServerResponse.json (/home/kold/Documents/healo/node_modules/express/lib/response.js:260:14)\n' +
    '    at ServerResponse.send (/home/kold/Documents/healo/node_modules/express/lib/response.js:158:21)\n' +
    '    at /home/kold/Documents/healo/routes/suggestion.js:33:16\n' +
    '    at Layer.handle [as handle_request] (/home/kold/Documents/healo/node_modules/express/lib/router/layer.js:95:5)\n' +
    '    at next (/home/kold/Documents/healo/node_modules/express/lib/router/route.js:137:13)\n' +
    '    at module.exports (/home/kold/Documents/healo/middleware/objectId.js:7:5)\n' +
    '    at Layer.handle [as handle_request] (/home/kold/Documents/healo/node_modules/express/lib/router/layer.js:95:5)\n' +
    '    at next (/home/kold/Documents/healo/node_modules/express/lib/router/route.js:137:13)'
}
{
  level: 'error',
  message: 'Converting circular structure to JSON\n' +
    "    --> starting at object with constructor 'Topology'\n" +
    "    |     property 's' -> object with constructor 'Object'\n" +
    "    |     property 'sessionPool' -> object with constructor 'ServerSessionPool'\n" +
    "    --- property 'topology' closes the circle Converting circular structure to JSON\n" +
    "    --> starting at object with constructor 'Topology'\n" +
    "    |     property 's' -> object with constructor 'Object'\n" +
    "    |     property 'sessionPool' -> object with constructor 'ServerSessionPool'\n" +
    "    --- property 'topology' closes the circle",
  stack: 'TypeError: Converting circular structure to JSON\n' +
    "    --> starting at object with constructor 'Topology'\n" +
    "    |     property 's' -> object with constructor 'Object'\n" +
    "    |     property 'sessionPool' -> object with constructor 'ServerSessionPool'\n" +
    "    --- property 'topology' closes the circle\n" +
    '    at JSON.stringify (<anonymous>)\n' +
    '    at stringify (/home/kold/Documents/healo/node_modules/express/lib/response.js:1128:12)\n' +
    '    at ServerResponse.json (/home/kold/Documents/healo/node_modules/express/lib/response.js:260:14)\n' +
    '    at ServerResponse.send (/home/kold/Documents/healo/node_modules/express/lib/response.js:158:21)\n' +
    '    at /home/kold/Documents/healo/routes/suggestion.js:33:9\n' +
    '    at Layer.handle [as handle_request] (/home/kold/Documents/healo/node_modules/express/lib/router/layer.js:95:5)\n' +
    '    at next (/home/kold/Documents/healo/node_modules/express/lib/router/route.js:137:13)\n' +
    '    at module.exports (/home/kold/Documents/healo/middleware/objectId.js:7:5)\n' +
    '    at Layer.handle [as handle_request] (/home/kold/Documents/healo/node_modules/express/lib/router/layer.js:95:5)\n' +
    '    at next (/home/kold/Documents/healo/node_modules/express/lib/router/route.js:137:13)'
}
{
  messageFormat: undefined,
  stringValue: `"{ id: '61e97973419a9a557e63ee62' }"`,
  kind: 'ObjectId',
  value: { id: '61e97973419a9a557e63ee62' },
  path: 'suggestion',
  reason: BSONTypeError: Argument passed in must be a string of 12 bytes or a string of 24 hex characters
      at new BSONTypeError (/home/kold/Documents/healo/node_modules/bson/lib/error.js:41:28)
      at new ObjectId (/home/kold/Documents/healo/node_modules/bson/lib/objectid.js:65:23)
      at castObjectId (/home/kold/Documents/healo/node_modules/mongoose/lib/cast/objectid.js:25:12)
      at ObjectId.cast (/home/kold/Documents/healo/node_modules/mongoose/lib/schema/objectid.js:247:12)
      at ObjectId.SchemaType.applySetters (/home/kold/Documents/healo/node_modules/mongoose/lib/schematype.js:1135:12)
      at ObjectId.SchemaType._castForQuery (/home/kold/Documents/healo/node_modules/mongoose/lib/schematype.js:1567:15)
      at ObjectId.SchemaType.castForQuery (/home/kold/Documents/healo/node_modules/mongoose/lib/schematype.js:1557:15)
      at ObjectId.SchemaType.castForQueryWrapper (/home/kold/Documents/healo/node_modules/mongoose/lib/schematype.js:1534:20)
      at cast (/home/kold/Documents/healo/node_modules/mongoose/lib/cast.js:280:34)
      at model.Query.Query.cast (/home/kold/Documents/healo/node_modules/mongoose/lib/query.js:5062:12),
  valueType: 'Object',
  level: 'error',
  message: `Cast to ObjectId failed for value "{ id: '61e97973419a9a557e63ee62' }" (type Object) at path "suggestion" for model "Suggestion" Cast to ObjectId failed for value "{ id: '61e97973419a9a557e63ee62' }" (type Object) at path "suggestion" for model "Suggestion"`,
  stack: `CastError: Cast to ObjectId failed for value "{ id: '61e97973419a9a557e63ee62' }" (type Object) at path "suggestion" for model "Suggestion"\n` +
    '    at model.Query.exec (/home/kold/Documents/healo/node_modules/mongoose/lib/query.js:4639:21)\n' +
    '    at model.Query.Query.then (/home/kold/Documents/healo/node_modules/mongoose/lib/query.js:4738:15)\n' +
    '    at processTicksAndRejections (node:internal/process/task_queues:94:5)'
}
{
  messageFormat: undefined,
  stringValue: `"{ id: '61e97973419a9a557e63ee62' }"`,
  kind: 'ObjectId',
  value: { id: '61e97973419a9a557e63ee62' },
  path: 'suggestion',
  reason: BSONTypeError: Argument passed in must be a string of 12 bytes or a string of 24 hex characters
      at new BSONTypeError (/home/kold/Documents/healo/node_modules/bson/lib/error.js:41:28)
      at new ObjectId (/home/kold/Documents/healo/node_modules/bson/lib/objectid.js:65:23)
      at castObjectId (/home/kold/Documents/healo/node_modules/mongoose/lib/cast/objectid.js:25:12)
      at ObjectId.cast (/home/kold/Documents/healo/node_modules/mongoose/lib/schema/objectid.js:247:12)
      at ObjectId.SchemaType.applySetters (/home/kold/Documents/healo/node_modules/mongoose/lib/schematype.js:1135:12)
      at ObjectId.SchemaType._castForQuery (/home/kold/Documents/healo/node_modules/mongoose/lib/schematype.js:1567:15)
      at ObjectId.SchemaType.castForQuery (/home/kold/Documents/healo/node_modules/mongoose/lib/schematype.js:1557:15)
      at ObjectId.SchemaType.castForQueryWrapper (/home/kold/Documents/healo/node_modules/mongoose/lib/schematype.js:1534:20)
      at cast (/home/kold/Documents/healo/node_modules/mongoose/lib/cast.js:280:34)
      at model.Query.Query.cast (/home/kold/Documents/healo/node_modules/mongoose/lib/query.js:5062:12),
  valueType: 'Object',
  level: 'error',
  message: `Cast to ObjectId failed for value "{ id: '61e97973419a9a557e63ee62' }" (type Object) at path "suggestion" for model "Suggestion" Cast to ObjectId failed for value "{ id: '61e97973419a9a557e63ee62' }" (type Object) at path "suggestion" for model "Suggestion"`,
  stack: `CastError: Cast to ObjectId failed for value "{ id: '61e97973419a9a557e63ee62' }" (type Object) at path "suggestion" for model "Suggestion"\n` +
    '    at model.Query.exec (/home/kold/Documents/healo/node_modules/mongoose/lib/query.js:4639:21)\n' +
    '    at model.Query.Query.then (/home/kold/Documents/healo/node_modules/mongoose/lib/query.js:4738:15)\n' +
    '    at processTicksAndRejections (node:internal/process/task_queues:94:5)'
}
{
  messageFormat: undefined,
  stringValue: `"{ id: '61e97973419a9a557e63ee62' }"`,
  kind: 'ObjectId',
  value: { id: '61e97973419a9a557e63ee62' },
  path: 'suggestion',
  reason: BSONTypeError: Argument passed in must be a string of 12 bytes or a string of 24 hex characters
      at new BSONTypeError (/home/kold/Documents/healo/node_modules/bson/lib/error.js:41:28)
      at new ObjectId (/home/kold/Documents/healo/node_modules/bson/lib/objectid.js:65:23)
      at castObjectId (/home/kold/Documents/healo/node_modules/mongoose/lib/cast/objectid.js:25:12)
      at ObjectId.cast (/home/kold/Documents/healo/node_modules/mongoose/lib/schema/objectid.js:247:12)
      at ObjectId.SchemaType.applySetters (/home/kold/Documents/healo/node_modules/mongoose/lib/schematype.js:1135:12)
      at ObjectId.SchemaType._castForQuery (/home/kold/Documents/healo/node_modules/mongoose/lib/schematype.js:1567:15)
      at ObjectId.SchemaType.castForQuery (/home/kold/Documents/healo/node_modules/mongoose/lib/schematype.js:1557:15)
      at ObjectId.SchemaType.castForQueryWrapper (/home/kold/Documents/healo/node_modules/mongoose/lib/schematype.js:1534:20)
      at cast (/home/kold/Documents/healo/node_modules/mongoose/lib/cast.js:280:34)
      at model.Query.Query.cast (/home/kold/Documents/healo/node_modules/mongoose/lib/query.js:5062:12),
  valueType: 'Object',
  level: 'error',
  message: `Cast to ObjectId failed for value "{ id: '61e97973419a9a557e63ee62' }" (type Object) at path "suggestion" for model "Suggestion" Cast to ObjectId failed for value "{ id: '61e97973419a9a557e63ee62' }" (type Object) at path "suggestion" for model "Suggestion"`,
  stack: `CastError: Cast to ObjectId failed for value "{ id: '61e97973419a9a557e63ee62' }" (type Object) at path "suggestion" for model "Suggestion"\n` +
    '    at model.Query.exec (/home/kold/Documents/healo/node_modules/mongoose/lib/query.js:4639:21)\n' +
    '    at model.Query.Query.then (/home/kold/Documents/healo/node_modules/mongoose/lib/query.js:4738:15)\n' +
    '    at processTicksAndRejections (node:internal/process/task_queues:94:5)'
}
{
  ok: 0,
  code: 31250,
  codeName: 'Location31250',
  level: 'error',
  message: 'Path collision at suggestion Path collision at suggestion',
  stack: 'MongoServerError: Path collision at suggestion\n' +
    '    at MessageStream.messageHandler (/home/kold/Documents/healo/node_modules/mongodb/lib/cmap/connection.js:467:30)\n' +
    '    at MessageStream.emit (node:events:378:20)\n' +
    '    at processIncomingData (/home/kold/Documents/healo/node_modules/mongodb/lib/cmap/message_stream.js:108:16)\n' +
    '    at MessageStream._write (/home/kold/Documents/healo/node_modules/mongodb/lib/cmap/message_stream.js:28:9)\n' +
    '    at writeOrBuffer (node:internal/streams/writable:395:12)\n' +
    '    at MessageStream.Writable.write (node:internal/streams/writable:340:10)\n' +
    '    at Socket.ondata (node:internal/streams/readable:750:22)\n' +
    '    at Socket.emit (node:events:378:20)\n' +
    '    at addChunk (node:internal/streams/readable:313:12)\n' +
    '    at readableAddChunk (node:internal/streams/readable:288:9)'
}
{
  errno: -5,
  code: 'EIO',
  syscall: 'write',
  level: 'error',
  message: 'write EIO write EIO',
  stack: 'Error: write EIO\n' +
    '    at afterWriteDispatched (node:internal/stream_base_commons:160:15)\n' +
    '    at writeGeneric (node:internal/stream_base_commons:151:3)\n' +
    '    at WriteStream.Socket._writeGeneric (node:net:773:11)\n' +
    '    at WriteStream.Socket._write (node:net:785:8)\n' +
    '    at writeOrBuffer (node:internal/streams/writable:395:12)\n' +
    '    at WriteStream.Writable.write (node:internal/streams/writable:340:10)\n' +
    '    at Console.log (/home/kold/Documents/healo/node_modules/winston/lib/winston/transports/console.js:79:23)\n' +
    '    at Console._write (/home/kold/Documents/healo/node_modules/winston-transport/index.js:82:19)\n' +
    '    at doWrite (/home/kold/Documents/healo/node_modules/readable-stream/lib/_stream_writable.js:409:139)\n' +
    '    at writeOrBuffer (/home/kold/Documents/healo/node_modules/readable-stream/lib/_stream_writable.js:398:5)'
}
{
  messageFormat: undefined,
  stringValue: '"2"',
  kind: 'ObjectId',
  value: '2',
  path: '_id',
  reason: BSONTypeError: Argument passed in must be a string of 12 bytes or a string of 24 hex characters
      at new BSONTypeError (/home/kdrillar/Desktop/healo/node_modules/bson/lib/error.js:41:28)
      at new ObjectId (/home/kdrillar/Desktop/healo/node_modules/bson/lib/objectid.js:65:23)
      at castObjectId (/home/kdrillar/Desktop/healo/node_modules/mongoose/lib/cast/objectid.js:25:12)
      at ObjectId.cast (/home/kdrillar/Desktop/healo/node_modules/mongoose/lib/schema/objectid.js:247:12)
      at ObjectId.SchemaType.applySetters (/home/kdrillar/Desktop/healo/node_modules/mongoose/lib/schematype.js:1135:12)
      at ObjectId.SchemaType._castForQuery (/home/kdrillar/Desktop/healo/node_modules/mongoose/lib/schematype.js:1567:15)
      at ObjectId.SchemaType.castForQuery (/home/kdrillar/Desktop/healo/node_modules/mongoose/lib/schematype.js:1557:15)
      at ObjectId.SchemaType.castForQueryWrapper (/home/kdrillar/Desktop/healo/node_modules/mongoose/lib/schematype.js:1534:20)
      at cast (/home/kdrillar/Desktop/healo/node_modules/mongoose/lib/cast.js:336:32)
      at model.Query.Query.cast (/home/kdrillar/Desktop/healo/node_modules/mongoose/lib/query.js:5062:12),
  valueType: 'string',
  level: 'error',
  message: 'Cast to ObjectId failed for value "2" (type string) at path "_id" for model "guideSlide" Cast to ObjectId failed for value "2" (type string) at path "_id" for model "guideSlide"',
  stack: 'CastError: Cast to ObjectId failed for value "2" (type string) at path "_id" for model "guideSlide"\n' +
    '    at model.Query.exec (/home/kdrillar/Desktop/healo/node_modules/mongoose/lib/query.js:4639:21)\n' +
    '    at model.Query.Query.then (/home/kdrillar/Desktop/healo/node_modules/mongoose/lib/query.js:4738:15)\n' +
    '    at processTicksAndRejections (node:internal/process/task_queues:96:5)'
}
{
  messageFormat: undefined,
  stringValue: '"23"',
  kind: 'ObjectId',
  value: '23',
  path: '_id',
  reason: BSONTypeError: Argument passed in must be a string of 12 bytes or a string of 24 hex characters
      at new BSONTypeError (/home/kdrillar/Desktop/healo/node_modules/bson/lib/error.js:41:28)
      at new ObjectId (/home/kdrillar/Desktop/healo/node_modules/bson/lib/objectid.js:65:23)
      at castObjectId (/home/kdrillar/Desktop/healo/node_modules/mongoose/lib/cast/objectid.js:25:12)
      at ObjectId.cast (/home/kdrillar/Desktop/healo/node_modules/mongoose/lib/schema/objectid.js:247:12)
      at ObjectId.SchemaType.applySetters (/home/kdrillar/Desktop/healo/node_modules/mongoose/lib/schematype.js:1135:12)
      at ObjectId.SchemaType._castForQuery (/home/kdrillar/Desktop/healo/node_modules/mongoose/lib/schematype.js:1567:15)
      at ObjectId.SchemaType.castForQuery (/home/kdrillar/Desktop/healo/node_modules/mongoose/lib/schematype.js:1557:15)
      at ObjectId.SchemaType.castForQueryWrapper (/home/kdrillar/Desktop/healo/node_modules/mongoose/lib/schematype.js:1534:20)
      at cast (/home/kdrillar/Desktop/healo/node_modules/mongoose/lib/cast.js:336:32)
      at model.Query.Query.cast (/home/kdrillar/Desktop/healo/node_modules/mongoose/lib/query.js:5062:12),
  valueType: 'string',
  level: 'error',
  message: 'Cast to ObjectId failed for value "23" (type string) at path "_id" for model "guideSlide" Cast to ObjectId failed for value "23" (type string) at path "_id" for model "guideSlide"',
  stack: 'CastError: Cast to ObjectId failed for value "23" (type string) at path "_id" for model "guideSlide"\n' +
    '    at model.Query.exec (/home/kdrillar/Desktop/healo/node_modules/mongoose/lib/query.js:4639:21)\n' +
    '    at model.Query.Query.then (/home/kdrillar/Desktop/healo/node_modules/mongoose/lib/query.js:4738:15)\n' +
    '    at processTicksAndRejections (node:internal/process/task_queues:96:5)'
}
{
  level: 'error',
  message: "Cannot read properties of undefined (reading 'id') Cannot read properties of undefined (reading 'id')",
  stack: "TypeError: Cannot read properties of undefined (reading 'id')\n" +
    '    at /home/kdrillar/Desktop/healo/routes/guideSlide.js:69:49\n' +
    '    at processTicksAndRejections (node:internal/process/task_queues:96:5)'
}
{
  errors: {
    'guideSlides.0.guide.image': ValidatorError: Path `guide.image` is required.
        at validate (/home/kdrillar/Desktop/healo/node_modules/mongoose/lib/schematype.js:1277:13)
        at /home/kdrillar/Desktop/healo/node_modules/mongoose/lib/schematype.js:1260:7
        at Array.forEach (<anonymous>)
        at SchemaString.SchemaType.doValidate (/home/kdrillar/Desktop/healo/node_modules/mongoose/lib/schematype.js:1210:14)
        at /home/kdrillar/Desktop/healo/node_modules/mongoose/lib/document.js:2723:18
        at processTicksAndRejections (node:internal/process/task_queues:78:11) {
      properties: {
        validator: [Function (anonymous)],
        message: 'Path `guide.image` is required.',
        type: 'required',
        path: 'guide.image',
        value: undefined
      },
      kind: 'required',
      path: 'guide.image',
      value: undefined,
      reason: undefined,
      [Symbol(mongoose:validatorError)]: true
    },
    'guideSlides.0.guide.guideText': ValidatorError: Path `guide.guideText` is required.
        at validate (/home/kdrillar/Desktop/healo/node_modules/mongoose/lib/schematype.js:1277:13)
        at /home/kdrillar/Desktop/healo/node_modules/mongoose/lib/schematype.js:1260:7
        at Array.forEach (<anonymous>)
        at SchemaString.SchemaType.doValidate (/home/kdrillar/Desktop/healo/node_modules/mongoose/lib/schematype.js:1210:14)
        at /home/kdrillar/Desktop/healo/node_modules/mongoose/lib/document.js:2723:18
        at processTicksAndRejections (node:internal/process/task_queues:78:11) {
      properties: {
        validator: [Function (anonymous)],
        message: 'Path `guide.guideText` is required.',
        type: 'required',
        path: 'guide.guideText',
        value: undefined
      },
      kind: 'required',
      path: 'guide.guideText',
      value: undefined,
      reason: undefined,
      [Symbol(mongoose:validatorError)]: true
    }
  },
  _message: 'guideSlide validation failed',
  level: 'error',
  message: 'guideSlide validation failed: guideSlides.0.guide.image: Path `guide.image` is required., guideSlides.0.guide.guideText: Path `guide.guideText` is required. guideSlide validation failed: guideSlides.0.guide.image: Path `guide.image` is required., guideSlides.0.guide.guideText: Path `guide.guideText` is required.',
  stack: 'ValidationError: guideSlide validation failed: guideSlides.0.guide.image: Path `guide.image` is required., guideSlides.0.guide.guideText: Path `guide.guideText` is required.\n' +
    '    at model.Document.invalidate (/home/kdrillar/Desktop/healo/node_modules/mongoose/lib/document.js:2940:32)\n' +
    '    at EmbeddedDocument.Subdocument.invalidate (/home/kdrillar/Desktop/healo/node_modules/mongoose/lib/types/subdocument.js:213:12)\n' +
    '    at /home/kdrillar/Desktop/healo/node_modules/mongoose/lib/document.js:2731:17\n' +
    '    at /home/kdrillar/Desktop/healo/node_modules/mongoose/lib/schematype.js:1280:9\n' +
    '    at processTicksAndRejections (node:internal/process/task_queues:78:11)'
}
{
  errno: -5,
  code: 'EIO',
  syscall: 'write',
  level: 'error',
  message: 'write EIO write EIO',
  stack: 'Error: write EIO\n' +
    '    at afterWriteDispatched (node:internal/stream_base_commons:160:15)\n' +
    '    at writeGeneric (node:internal/stream_base_commons:151:3)\n' +
    '    at WriteStream.Socket._writeGeneric (node:net:795:11)\n' +
    '    at WriteStream.Socket._write (node:net:807:8)\n' +
    '    at writeOrBuffer (node:internal/streams/writable:390:12)\n' +
    '    at _write (node:internal/streams/writable:331:10)\n' +
    '    at WriteStream.Writable.write (node:internal/streams/writable:335:10)\n' +
    '    at Console.log (/home/kdrillar/Desktop/healo/node_modules/winston/lib/winston/transports/console.js:79:23)\n' +
    '    at Console._write (/home/kdrillar/Desktop/healo/node_modules/winston-transport/index.js:82:19)\n' +
    '    at doWrite (/home/kdrillar/Desktop/healo/node_modules/readable-stream/lib/_stream_writable.js:409:139)'
}
{
  level: 'error',
  message: "Cannot read properties of undefined (reading 'id') Cannot read properties of undefined (reading 'id')",
  stack: "TypeError: Cannot read properties of undefined (reading 'id')\n" +
    '    at /home/kdrillar/Desktop/healo/routes/guideSlide.js:69:48\n' +
    '    at processTicksAndRejections (node:internal/process/task_queues:96:5)'
}
{
  errors: {
    'guideSlides.0.guide.image': ValidatorError: Path `guide.image` is required.
        at validate (/home/kdrillar/Desktop/healo/node_modules/mongoose/lib/schematype.js:1277:13)
        at /home/kdrillar/Desktop/healo/node_modules/mongoose/lib/schematype.js:1260:7
        at Array.forEach (<anonymous>)
        at SchemaString.SchemaType.doValidate (/home/kdrillar/Desktop/healo/node_modules/mongoose/lib/schematype.js:1210:14)
        at /home/kdrillar/Desktop/healo/node_modules/mongoose/lib/document.js:2723:18
        at processTicksAndRejections (node:internal/process/task_queues:78:11) {
      properties: {
        validator: [Function (anonymous)],
        message: 'Path `guide.image` is required.',
        type: 'required',
        path: 'guide.image',
        value: undefined
      },
      kind: 'required',
      path: 'guide.image',
      value: undefined,
      reason: undefined,
      [Symbol(mongoose:validatorError)]: true
    },
    'guideSlides.0.guide.guideText': ValidatorError: Path `guide.guideText` is required.
        at validate (/home/kdrillar/Desktop/healo/node_modules/mongoose/lib/schematype.js:1277:13)
        at /home/kdrillar/Desktop/healo/node_modules/mongoose/lib/schematype.js:1260:7
        at Array.forEach (<anonymous>)
        at SchemaString.SchemaType.doValidate (/home/kdrillar/Desktop/healo/node_modules/mongoose/lib/schematype.js:1210:14)
        at /home/kdrillar/Desktop/healo/node_modules/mongoose/lib/document.js:2723:18
        at processTicksAndRejections (node:internal/process/task_queues:78:11) {
      properties: {
        validator: [Function (anonymous)],
        message: 'Path `guide.guideText` is required.',
        type: 'required',
        path: 'guide.guideText',
        value: undefined
      },
      kind: 'required',
      path: 'guide.guideText',
      value: undefined,
      reason: undefined,
      [Symbol(mongoose:validatorError)]: true
    }
  },
  _message: 'guideSlide validation failed',
  level: 'error',
  message: 'guideSlide validation failed: guideSlides.0.guide.image: Path `guide.image` is required., guideSlides.0.guide.guideText: Path `guide.guideText` is required. guideSlide validation failed: guideSlides.0.guide.image: Path `guide.image` is required., guideSlides.0.guide.guideText: Path `guide.guideText` is required.',
  stack: 'ValidationError: guideSlide validation failed: guideSlides.0.guide.image: Path `guide.image` is required., guideSlides.0.guide.guideText: Path `guide.guideText` is required.\n' +
    '    at model.Document.invalidate (/home/kdrillar/Desktop/healo/node_modules/mongoose/lib/document.js:2940:32)\n' +
    '    at EmbeddedDocument.Subdocument.invalidate (/home/kdrillar/Desktop/healo/node_modules/mongoose/lib/types/subdocument.js:213:12)\n' +
    '    at /home/kdrillar/Desktop/healo/node_modules/mongoose/lib/document.js:2731:17\n' +
    '    at /home/kdrillar/Desktop/healo/node_modules/mongoose/lib/schematype.js:1280:9\n' +
    '    at processTicksAndRejections (node:internal/process/task_queues:78:11)'
}
{
  errors: {
    'guideSlides.4._id': CastError: Cast to ObjectId failed for value "GUIDE_TO_BE_ADDED" (type string) at path "_id"
        at ObjectId.cast (/home/kdrillar/Desktop/healo/node_modules/mongoose/lib/schema/objectid.js:249:11)
        at ObjectId.SchemaType.applySetters (/home/kdrillar/Desktop/healo/node_modules/mongoose/lib/schematype.js:1135:12)
        at EmbeddedDocument.$set (/home/kdrillar/Desktop/healo/node_modules/mongoose/lib/document.js:1431:20)
        at EmbeddedDocument.$set (/home/kdrillar/Desktop/healo/node_modules/mongoose/lib/document.js:1166:16)
        at EmbeddedDocument.Document (/home/kdrillar/Desktop/healo/node_modules/mongoose/lib/document.js:161:12)
        at EmbeddedDocument.Subdocument (/home/kdrillar/Desktop/healo/node_modules/mongoose/lib/types/subdocument.js:31:12)
        at EmbeddedDocument.ArraySubdocument [as constructor] (/home/kdrillar/Desktop/healo/node_modules/mongoose/lib/types/ArraySubdocument.js:35:15)
        at new EmbeddedDocument (/home/kdrillar/Desktop/healo/node_modules/mongoose/lib/schema/documentarray.js:115:17)
        at Proxy._cast (/home/kdrillar/Desktop/healo/node_modules/mongoose/lib/types/DocumentArray/methods/index.js:84:17)
        at Proxy._mapCast (/home/kdrillar/Desktop/healo/node_modules/mongoose/lib/types/array/methods/index.js:258:17) {
      stringValue: '"GUIDE_TO_BE_ADDED"',
      messageFormat: undefined,
      kind: 'ObjectId',
      value: 'GUIDE_TO_BE_ADDED',
      path: '_id',
      reason: BSONTypeError: Argument passed in must be a string of 12 bytes or a string of 24 hex characters
          at new BSONTypeError (/home/kdrillar/Desktop/healo/node_modules/bson/lib/error.js:41:28)
          at new ObjectId (/home/kdrillar/Desktop/healo/node_modules/bson/lib/objectid.js:65:23)
          at castObjectId (/home/kdrillar/Desktop/healo/node_modules/mongoose/lib/cast/objectid.js:25:12)
          at ObjectId.cast (/home/kdrillar/Desktop/healo/node_modules/mongoose/lib/schema/objectid.js:247:12)
          at ObjectId.SchemaType.applySetters (/home/kdrillar/Desktop/healo/node_modules/mongoose/lib/schematype.js:1135:12)
          at EmbeddedDocument.$set (/home/kdrillar/Desktop/healo/node_modules/mongoose/lib/document.js:1431:20)
          at EmbeddedDocument.$set (/home/kdrillar/Desktop/healo/node_modules/mongoose/lib/document.js:1166:16)
          at EmbeddedDocument.Document (/home/kdrillar/Desktop/healo/node_modules/mongoose/lib/document.js:161:12)
          at EmbeddedDocument.Subdocument (/home/kdrillar/Desktop/healo/node_modules/mongoose/lib/types/subdocument.js:31:12)
          at EmbeddedDocument.ArraySubdocument [as constructor] (/home/kdrillar/Desktop/healo/node_modules/mongoose/lib/types/ArraySubdocument.js:35:15),
      valueType: 'string'
    },
    'guideSlides.4.guide.guideText': ValidatorError: Path `guide.guideText` is required.
        at validate (/home/kdrillar/Desktop/healo/node_modules/mongoose/lib/schematype.js:1277:13)
        at /home/kdrillar/Desktop/healo/node_modules/mongoose/lib/schematype.js:1260:7
        at Array.forEach (<anonymous>)
        at SchemaString.SchemaType.doValidate (/home/kdrillar/Desktop/healo/node_modules/mongoose/lib/schematype.js:1210:14)
        at /home/kdrillar/Desktop/healo/node_modules/mongoose/lib/document.js:2723:18
        at processTicksAndRejections (node:internal/process/task_queues:78:11) {
      properties: {
        validator: [Function (anonymous)],
        message: 'Path `guide.guideText` is required.',
        type: 'required',
        path: 'guide.guideText',
        value: undefined
      },
      kind: 'required',
      path: 'guide.guideText',
      value: undefined,
      reason: undefined,
      [Symbol(mongoose:validatorError)]: true
    },
    'guideSlides.4.guide.image': ValidatorError: Path `guide.image` is required.
        at validate (/home/kdrillar/Desktop/healo/node_modules/mongoose/lib/schematype.js:1277:13)
        at /home/kdrillar/Desktop/healo/node_modules/mongoose/lib/schematype.js:1260:7
        at Array.forEach (<anonymous>)
        at SchemaString.SchemaType.doValidate (/home/kdrillar/Desktop/healo/node_modules/mongoose/lib/schematype.js:1210:14)
        at /home/kdrillar/Desktop/healo/node_modules/mongoose/lib/document.js:2723:18
        at processTicksAndRejections (node:internal/process/task_queues:78:11) {
      properties: {
        validator: [Function (anonymous)],
        message: 'Path `guide.image` is required.',
        type: 'required',
        path: 'guide.image',
        value: undefined
      },
      kind: 'required',
      path: 'guide.image',
      value: undefined,
      reason: undefined,
      [Symbol(mongoose:validatorError)]: true
    }
  },
  _message: 'guideSlide validation failed',
  level: 'error',
  message: 'guideSlide validation failed: guideSlides.4._id: Cast to ObjectId failed for value "GUIDE_TO_BE_ADDED" (type string) at path "_id", guideSlides.4.guide.guideText: Path `guide.guideText` is required., guideSlides.4.guide.image: Path `guide.image` is required. guideSlide validation failed: guideSlides.4._id: Cast to ObjectId failed for value "GUIDE_TO_BE_ADDED" (type string) at path "_id", guideSlides.4.guide.guideText: Path `guide.guideText` is required., guideSlides.4.guide.image: Path `guide.image` is required.',
  stack: 'ValidationError: guideSlide validation failed: guideSlides.4._id: Cast to ObjectId failed for value "GUIDE_TO_BE_ADDED" (type string) at path "_id", guideSlides.4.guide.guideText: Path `guide.guideText` is required., guideSlides.4.guide.image: Path `guide.image` is required.\n' +
    '    at model.Document.invalidate (/home/kdrillar/Desktop/healo/node_modules/mongoose/lib/document.js:2940:32)\n' +
    '    at EmbeddedDocument.Subdocument.invalidate (/home/kdrillar/Desktop/healo/node_modules/mongoose/lib/types/subdocument.js:213:12)\n' +
    '    at EmbeddedDocument.$set (/home/kdrillar/Desktop/healo/node_modules/mongoose/lib/document.js:1471:12)\n' +
    '    at EmbeddedDocument.$set (/home/kdrillar/Desktop/healo/node_modules/mongoose/lib/document.js:1166:16)\n' +
    '    at EmbeddedDocument.Document (/home/kdrillar/Desktop/healo/node_modules/mongoose/lib/document.js:161:12)\n' +
    '    at EmbeddedDocument.Subdocument (/home/kdrillar/Desktop/healo/node_modules/mongoose/lib/types/subdocument.js:31:12)\n' +
    '    at EmbeddedDocument.ArraySubdocument [as constructor] (/home/kdrillar/Desktop/healo/node_modules/mongoose/lib/types/ArraySubdocument.js:35:15)\n' +
    '    at new EmbeddedDocument (/home/kdrillar/Desktop/healo/node_modules/mongoose/lib/schema/documentarray.js:115:17)\n' +
    '    at Proxy._cast (/home/kdrillar/Desktop/healo/node_modules/mongoose/lib/types/DocumentArray/methods/index.js:84:17)\n' +
    '    at Proxy._mapCast (/home/kdrillar/Desktop/healo/node_modules/mongoose/lib/types/array/methods/index.js:258:17)'
}
{
  code: 'ERR_HTTP_HEADERS_SENT',
  level: 'error',
  message: 'Cannot set headers after they are sent to the client Cannot set headers after they are sent to the client',
  stack: 'Error [ERR_HTTP_HEADERS_SENT]: Cannot set headers after they are sent to the client\n' +
    '    at new NodeError (node:internal/errors:371:5)\n' +
    '    at ServerResponse.setHeader (node:_http_outgoing:576:11)\n' +
    '    at ServerResponse.header (/home/kdrillar/Desktop/healo/node_modules/express/lib/response.js:776:10)\n' +
    '    at ServerResponse.send (/home/kdrillar/Desktop/healo/node_modules/express/lib/response.js:170:12)\n' +
    '    at ServerResponse.json (/home/kdrillar/Desktop/healo/node_modules/express/lib/response.js:267:15)\n' +
    '    at ServerResponse.send (/home/kdrillar/Desktop/healo/node_modules/express/lib/response.js:158:21)\n' +
    '    at /home/kdrillar/Desktop/healo/routes/guideSlide.js:106:9\n' +
    '    at processTicksAndRejections (node:internal/process/task_queues:96:5)'
}
{
  errors: {
    'guideSlides.4._id': CastError: Cast to ObjectId failed for value "GUIDE_TO_BE_ADDED" (type string) at path "_id"
        at ObjectId.cast (/home/kdrillar/Desktop/healo/node_modules/mongoose/lib/schema/objectid.js:249:11)
        at ObjectId.SchemaType.applySetters (/home/kdrillar/Desktop/healo/node_modules/mongoose/lib/schematype.js:1135:12)
        at EmbeddedDocument.$set (/home/kdrillar/Desktop/healo/node_modules/mongoose/lib/document.js:1431:20)
        at EmbeddedDocument.$set (/home/kdrillar/Desktop/healo/node_modules/mongoose/lib/document.js:1166:16)
        at EmbeddedDocument.Document (/home/kdrillar/Desktop/healo/node_modules/mongoose/lib/document.js:161:12)
        at EmbeddedDocument.Subdocument (/home/kdrillar/Desktop/healo/node_modules/mongoose/lib/types/subdocument.js:31:12)
        at EmbeddedDocument.ArraySubdocument [as constructor] (/home/kdrillar/Desktop/healo/node_modules/mongoose/lib/types/ArraySubdocument.js:35:15)
        at new EmbeddedDocument (/home/kdrillar/Desktop/healo/node_modules/mongoose/lib/schema/documentarray.js:115:17)
        at Proxy._cast (/home/kdrillar/Desktop/healo/node_modules/mongoose/lib/types/DocumentArray/methods/index.js:84:17)
        at Proxy._mapCast (/home/kdrillar/Desktop/healo/node_modules/mongoose/lib/types/array/methods/index.js:258:17) {
      stringValue: '"GUIDE_TO_BE_ADDED"',
      messageFormat: undefined,
      kind: 'ObjectId',
      value: 'GUIDE_TO_BE_ADDED',
      path: '_id',
      reason: BSONTypeError: Argument passed in must be a string of 12 bytes or a string of 24 hex characters
          at new BSONTypeError (/home/kdrillar/Desktop/healo/node_modules/bson/lib/error.js:41:28)
          at new ObjectId (/home/kdrillar/Desktop/healo/node_modules/bson/lib/objectid.js:65:23)
          at castObjectId (/home/kdrillar/Desktop/healo/node_modules/mongoose/lib/cast/objectid.js:25:12)
          at ObjectId.cast (/home/kdrillar/Desktop/healo/node_modules/mongoose/lib/schema/objectid.js:247:12)
          at ObjectId.SchemaType.applySetters (/home/kdrillar/Desktop/healo/node_modules/mongoose/lib/schematype.js:1135:12)
          at EmbeddedDocument.$set (/home/kdrillar/Desktop/healo/node_modules/mongoose/lib/document.js:1431:20)
          at EmbeddedDocument.$set (/home/kdrillar/Desktop/healo/node_modules/mongoose/lib/document.js:1166:16)
          at EmbeddedDocument.Document (/home/kdrillar/Desktop/healo/node_modules/mongoose/lib/document.js:161:12)
          at EmbeddedDocument.Subdocument (/home/kdrillar/Desktop/healo/node_modules/mongoose/lib/types/subdocument.js:31:12)
          at EmbeddedDocument.ArraySubdocument [as constructor] (/home/kdrillar/Desktop/healo/node_modules/mongoose/lib/types/ArraySubdocument.js:35:15),
      valueType: 'string'
    },
    'guideSlides.4.guide.guideText': ValidatorError: Path `guide.guideText` is required.
        at validate (/home/kdrillar/Desktop/healo/node_modules/mongoose/lib/schematype.js:1277:13)
        at /home/kdrillar/Desktop/healo/node_modules/mongoose/lib/schematype.js:1260:7
        at Array.forEach (<anonymous>)
        at SchemaString.SchemaType.doValidate (/home/kdrillar/Desktop/healo/node_modules/mongoose/lib/schematype.js:1210:14)
        at /home/kdrillar/Desktop/healo/node_modules/mongoose/lib/document.js:2723:18
        at processTicksAndRejections (node:internal/process/task_queues:78:11) {
      properties: {
        validator: [Function (anonymous)],
        message: 'Path `guide.guideText` is required.',
        type: 'required',
        path: 'guide.guideText',
        value: undefined
      },
      kind: 'required',
      path: 'guide.guideText',
      value: undefined,
      reason: undefined,
      [Symbol(mongoose:validatorError)]: true
    },
    'guideSlides.4.guide.image': ValidatorError: Path `guide.image` is required.
        at validate (/home/kdrillar/Desktop/healo/node_modules/mongoose/lib/schematype.js:1277:13)
        at /home/kdrillar/Desktop/healo/node_modules/mongoose/lib/schematype.js:1260:7
        at Array.forEach (<anonymous>)
        at SchemaString.SchemaType.doValidate (/home/kdrillar/Desktop/healo/node_modules/mongoose/lib/schematype.js:1210:14)
        at /home/kdrillar/Desktop/healo/node_modules/mongoose/lib/document.js:2723:18
        at processTicksAndRejections (node:internal/process/task_queues:78:11) {
      properties: {
        validator: [Function (anonymous)],
        message: 'Path `guide.image` is required.',
        type: 'required',
        path: 'guide.image',
        value: undefined
      },
      kind: 'required',
      path: 'guide.image',
      value: undefined,
      reason: undefined,
      [Symbol(mongoose:validatorError)]: true
    }
  },
  _message: 'guideSlide validation failed',
  level: 'error',
  message: 'guideSlide validation failed: guideSlides.4._id: Cast to ObjectId failed for value "GUIDE_TO_BE_ADDED" (type string) at path "_id", guideSlides.4.guide.guideText: Path `guide.guideText` is required., guideSlides.4.guide.image: Path `guide.image` is required. guideSlide validation failed: guideSlides.4._id: Cast to ObjectId failed for value "GUIDE_TO_BE_ADDED" (type string) at path "_id", guideSlides.4.guide.guideText: Path `guide.guideText` is required., guideSlides.4.guide.image: Path `guide.image` is required.',
  stack: 'ValidationError: guideSlide validation failed: guideSlides.4._id: Cast to ObjectId failed for value "GUIDE_TO_BE_ADDED" (type string) at path "_id", guideSlides.4.guide.guideText: Path `guide.guideText` is required., guideSlides.4.guide.image: Path `guide.image` is required.\n' +
    '    at model.Document.invalidate (/home/kdrillar/Desktop/healo/node_modules/mongoose/lib/document.js:2940:32)\n' +
    '    at EmbeddedDocument.Subdocument.invalidate (/home/kdrillar/Desktop/healo/node_modules/mongoose/lib/types/subdocument.js:213:12)\n' +
    '    at EmbeddedDocument.$set (/home/kdrillar/Desktop/healo/node_modules/mongoose/lib/document.js:1471:12)\n' +
    '    at EmbeddedDocument.$set (/home/kdrillar/Desktop/healo/node_modules/mongoose/lib/document.js:1166:16)\n' +
    '    at EmbeddedDocument.Document (/home/kdrillar/Desktop/healo/node_modules/mongoose/lib/document.js:161:12)\n' +
    '    at EmbeddedDocument.Subdocument (/home/kdrillar/Desktop/healo/node_modules/mongoose/lib/types/subdocument.js:31:12)\n' +
    '    at EmbeddedDocument.ArraySubdocument [as constructor] (/home/kdrillar/Desktop/healo/node_modules/mongoose/lib/types/ArraySubdocument.js:35:15)\n' +
    '    at new EmbeddedDocument (/home/kdrillar/Desktop/healo/node_modules/mongoose/lib/schema/documentarray.js:115:17)\n' +
    '    at Proxy._cast (/home/kdrillar/Desktop/healo/node_modules/mongoose/lib/types/DocumentArray/methods/index.js:84:17)\n' +
    '    at Proxy._mapCast (/home/kdrillar/Desktop/healo/node_modules/mongoose/lib/types/array/methods/index.js:258:17)'
}
{
  level: 'error',
  message: 'development is not defined development is not defined',
  stack: 'ReferenceError: development is not defined\n' +
    '    at /home/kdrillar/Desktop/healo/start/db.js:10:35\n' +
    '    at processTicksAndRejections (node:internal/process/task_queues:96:5)'
}
{
  level: 'error',
  message: 'development is not defined development is not defined',
  stack: 'ReferenceError: development is not defined\n' +
    '    at /home/kdrillar/Desktop/healo/start/db.js:10:35\n' +
    '    at processTicksAndRejections (node:internal/process/task_queues:96:5)'
}
{
  errno: -5,
  code: 'EIO',
  syscall: 'write',
  level: 'error',
  message: 'write EIO write EIO',
  stack: 'Error: write EIO\n' +
    '    at afterWriteDispatched (node:internal/stream_base_commons:160:15)\n' +
    '    at writeGeneric (node:internal/stream_base_commons:151:3)\n' +
    '    at WriteStream.Socket._writeGeneric (node:net:795:11)\n' +
    '    at WriteStream.Socket._write (node:net:807:8)\n' +
    '    at writeOrBuffer (node:internal/streams/writable:390:12)\n' +
    '    at _write (node:internal/streams/writable:331:10)\n' +
    '    at WriteStream.Writable.write (node:internal/streams/writable:335:10)\n' +
    '    at Console.log (/home/kdrillar/Desktop/healo/node_modules/winston/lib/winston/transports/console.js:79:23)\n' +
    '    at Console._write (/home/kdrillar/Desktop/healo/node_modules/winston-transport/index.js:82:19)\n' +
    '    at doWrite (/home/kdrillar/Desktop/healo/node_modules/readable-stream/lib/_stream_writable.js:409:139)'
}
